ou can use '--warning-mode all' to show the individual deprecation warnings and determine if they come from your own scripts or plugins.

For more on this, please refer to https://docs.gradle.org/8.14.1/userguide/command_line_interface.html#sec:command_line_warnings in the Gradle documentation.
424 actionable tasks: 29 executed, 395 up-to-date

info ðŸ’¡ Tip: Make sure that you have set up your development environment correctly, by running npx react-native doctor. To read more about doctor command visit: https://github.com/react-native-community/cli/blob/main/packages/cli-doctor/README.md#doctor 

e: file:///Users/rombologistica/workspacce/myapp/Awesome/android/app/src/main/java/com/vocabox/hermes/widget/WordWidget.kt:71:25 None of the following candidates is applicable:
fun ImageProvider(bitmap: Bitmap): ImageProvider
fun ImageProvider(icon: Icon): ImageProvider
fun ImageProvider(resId: Int): ImageProvider

FAILURE: Build failed with an exception.

* What went wrong:
Execution failed for task ':app:compileDebugKotlin'.
> A failure occurred while executing org.jetbrains.kotlin.compilerRunner.GradleCompilerRunnerWithWorkers$GradleKotlinCompilerWorkAction
   > Compilation error. See log for more details

* Try:
> Run with --stacktrace option to get the stack trace.
> Run with --info or --debug option to get more log output.
> Run with --scan to get full insights.
> Get more help at https://help.gradle.org.

BUILD FAILED in 6s
error Failed to install the app. Command failed with exit code 1: ./gradlew app:installDebug -PreactNativeDevServerPort=8081
e: file:///Users/rombologistica/workspacce/myapp/Awesome/android/app/src/main/java/com/vocabox/hermes/widget/WordWidget.kt:71:25 None of the following candidates is applicable:
fun ImageProvider(bitmap: Bitmap): ImageProvider
fun ImageProvider(icon: Icon): ImageProvider
fun ImageProvider(resId: Int): ImageProvider FAILURE: Build failed with an exception. * What went wrong:
Execution failed for task ':app:compileDebugKotlin'.
> A failure occurred while executing org.jetbrains.kotlin.compilerRunner.GradleCompilerRunnerWithWorkers$GradleKotlinCompilerWorkAction > Compilation error. See log for more details * Try:
> Run with --stacktrace option to get the stack trace.
> Run with --info or --debug option to get more log output.
> Run with --scan to get full insights.
> Get more help at https://help.gradle.org. BUILD FAILED in 6s.
info Run CLI with --verbose flag for more details.